Hackvortex/build/app/intermediates/manifest_merge_blame_file/debug/processDebugMainManifest/manifest-merger-blame-debug-report.txt
1<?xml version="1.0" encoding="utf-8"?>
2<manifest xmlns:android="http://schemas.android.com/apk/res/android"
3    package="com.example.hackathon"
4    android:versionCode="1"
5    android:versionName="1.0.0" >
6
7    <uses-sdk
8        android:minSdkVersion="21"
9        android:targetSdkVersion="35" />
10    <!--
11         The INTERNET permission is required for development. Specifically,
12         the Flutter tool needs it to communicate with the running application
13         to allow setting breakpoints, to provide hot reload, etc.
14    -->
15    <uses-permission android:name="android.permission.INTERNET" />
15-->src\main\AndroidManifest.xml:2:5-66
15-->src\main\AndroidManifest.xml:2:22-64
16    <uses-permission android:name="android.permission.CAMERA" />
16-->src\main\AndroidManifest.xml:3:5-65
16-->src\main\AndroidManifest.xml:3:22-62
17    <uses-permission android:name="android.permission.READ_MEDIA_IMAGES" />
17-->src\main\AndroidManifest.xml:4:5-76
17-->src\main\AndroidManifest.xml:4:22-73
18    <!--
19 Required to query activities that can process text, see:
20         https://developer.android.com/training/package-visibility and
21         https://developer.android.com/reference/android/content/Intent#ACTION_PROCESS_TEXT.
22
23         In particular, this is used by the Flutter engine in io.flutter.plugin.text.ProcessTextPlugin.
24    -->
25    <queries>
25-->src\main\AndroidManifest.xml:43:5-48:15
26        <intent>
26-->src\main\AndroidManifest.xml:44:9-47:18
27            <action android:name="android.intent.action.PROCESS_TEXT" />
27-->src\main\AndroidManifest.xml:45:13-72
27-->src\main\AndroidManifest.xml:45:21-70
28
29            <data android:mimeType="text/plain" />
29-->src\main\AndroidManifest.xml:46:13-50
29-->src\main\AndroidManifest.xml:46:19-48
30        </intent>
31    </queries>
32
33    <uses-feature android:name="android.hardware.camera.any" />
33-->[:camera_android_camerax] AndroidManifest.xml:7:5-64
33-->[:camera_android_camerax] AndroidManifest.xml:7:19-61
34
35    <uses-permission android:name="android.permission.RECORD_AUDIO" />
35-->[:camera_android_camerax] AndroidManifest.xml:10:5-71
35-->[:camera_android_camerax] AndroidManifest.xml:10:22-68
36    <uses-permission
36-->[:camera_android_camerax] AndroidManifest.xml:11:5-13:38
37        android:name="android.permission.WRITE_EXTERNAL_STORAGE"
37-->[:camera_android_camerax] AndroidManifest.xml:12:9-65
38        android:maxSdkVersion="28" />
38-->[:camera_android_camerax] AndroidManifest.xml:13:9-35
39    <uses-permission android:name="android.permission.READ_EXTERNAL_STORAGE" />
40
41    <uses-feature
41-->[:mobile_scanner] AndroidManifest.xml:9:5-11:36
42        android:name="android.hardware.camera"
42-->[:mobile_scanner] AndroidManifest.xml:10:9-47
43        android:required="false" />
43-->[:mobile_scanner] AndroidManifest.xml:11:9-33
44
45    <permission
45-->[androidx.core:core:1.13.1] AndroidManifest.xml:22:5-24:47
46        android:name="com.example.hackathon.DYNAMIC_RECEIVER_NOT_EXPORTED_PERMISSION"
46-->[androidx.core:core:1.13.1] AndroidManifest.xml:23:9-81
47        android:protectionLevel="signature" />
47-->[androidx.core:core:1.13.1] AndroidManifest.xml:24:9-44
48
49    <uses-permission android:name="com.example.hackathon.DYNAMIC_RECEIVER_NOT_EXPORTED_PERMISSION" /> <!-- Although the *SdkVersion is captured in gradle build files, this is required for non gradle builds -->
49-->[androidx.core:core:1.13.1] AndroidManifest.xml:26:5-97
49-->[androidx.core:core:1.13.1] AndroidManifest.xml:26:22-94
50    <!-- <uses-sdk android:minSdkVersion="14"/> -->
51    <uses-permission android:name="android.permission.ACCESS_NETWORK_STATE" />
51-->[com.google.android.datatransport:transport-backend-cct:2.3.3] AndroidManifest.xml:25:5-79
51-->[com.google.android.datatransport:transport-backend-cct:2.3.3] AndroidManifest.xml:25:22-76
52
53    <application
54        android:name="android.app.Application"
55        android:appComponentFactory="androidx.core.app.CoreComponentFactory"
55-->[androidx.core:core:1.13.1] AndroidManifest.xml:28:18-86
56        android:debuggable="true"
57        android:extractNativeLibs="true"
58        android:icon="@mipmap/ic_launcher"
59        android:label="hackathon"
60        android:usesCleartextTraffic="true" >
61        <activity
62            android:name="com.example.hackathon.MainActivity"
63            android:configChanges="orientation|keyboardHidden|keyboard|screenSize|smallestScreenSize|locale|layoutDirection|fontScale|screenLayout|density|uiMode"
64            android:exported="true"
65            android:hardwareAccelerated="true"
66            android:launchMode="singleTop"
67            android:taskAffinity=""
68            android:theme="@style/LaunchTheme"
69            android:windowSoftInputMode="adjustResize" >
70
71            <!--
72                 Specifies an Android theme to apply to this Activity as soon as
73                 the Android process has started. This theme is visible to the user
74                 while the Flutter UI initializes. After that, this theme continues
75                 to determine the Window background behind the Flutter UI.
76            -->
77            <meta-data
78                android:name="io.flutter.embedding.android.NormalTheme"
79                android:resource="@style/NormalTheme" />
80
81            <intent-filter>
82                <action android:name="android.intent.action.MAIN" />
83
84                <category android:name="android.intent.category.LAUNCHER" />
85            </intent-filter>
86        </activity>
87        <!--
88             Don't delete the meta-data below.
89             This is used by the Flutter tool to generate GeneratedPluginRegistrant.java
90        -->
91        <meta-data
92            android:name="flutterEmbedding"
93            android:value="2" />
94        <!--
95        Service for holding metadata. Cannot be instantiated.
96        Metadata will be merged from other manifests.
97        -->
98        <service
98-->[androidx.camera:camera-core:1.4.2] AndroidManifest.xml:29:9-33:78
99            android:name="androidx.camera.core.impl.MetadataHolderService"
99-->[androidx.camera:camera-core:1.4.2] AndroidManifest.xml:30:13-75
100            android:enabled="false"
100-->[androidx.camera:camera-core:1.4.2] AndroidManifest.xml:31:13-36
101            android:exported="false" >
101-->[androidx.camera:camera-core:1.4.2] AndroidManifest.xml:32:13-37
102            <meta-data
102-->[androidx.camera:camera-camera2:1.4.2] AndroidManifest.xml:30:13-32:89
103                android:name="androidx.camera.core.impl.MetadataHolderService.DEFAULT_CONFIG_PROVIDER"
103-->[androidx.camera:camera-camera2:1.4.2] AndroidManifest.xml:31:17-103
104                android:value="androidx.camera.camera2.Camera2Config$DefaultProvider" />
104-->[androidx.camera:camera-camera2:1.4.2] AndroidManifest.xml:32:17-86
105        </service>
106
107        <provider
107-->[:image_picker_android] AndroidManifest.xml:9:9-17:20
108            android:name="io.flutter.plugins.imagepicker.ImagePickerFileProvider"
108-->[:image_picker_android] AndroidManifest.xml:10:13-82
109            android:authorities="com.example.hackathon.flutter.image_provider"
109-->[:image_picker_android] AndroidManifest.xml:11:13-74
110            android:exported="false"
110-->[:image_picker_android] AndroidManifest.xml:12:13-37
111            android:grantUriPermissions="true" >
111-->[:image_picker_android] AndroidManifest.xml:13:13-47
112            <meta-data
112-->[:image_picker_android] AndroidManifest.xml:14:13-16:75
113                android:name="android.support.FILE_PROVIDER_PATHS"
113-->[:image_picker_android] AndroidManifest.xml:15:17-67
114                android:resource="@xml/flutter_image_picker_file_paths" />
114-->[:image_picker_android] AndroidManifest.xml:16:17-72
115        </provider> <!-- Trigger Google Play services to install the backported photo picker module. -->
116        <service
116-->[:image_picker_android] AndroidManifest.xml:19:9-31:19
117            android:name="com.google.android.gms.metadata.ModuleDependencies"
117-->[:image_picker_android] AndroidManifest.xml:20:13-78
118            android:enabled="false"
118-->[:image_picker_android] AndroidManifest.xml:21:13-36
119            android:exported="false" >
119-->[:image_picker_android] AndroidManifest.xml:22:13-37
120            <intent-filter>
120-->[:image_picker_android] AndroidManifest.xml:24:13-26:29
121                <action android:name="com.google.android.gms.metadata.MODULE_DEPENDENCIES" />
121-->[:image_picker_android] AndroidManifest.xml:25:17-94
121-->[:image_picker_android] AndroidManifest.xml:25:25-91
122            </intent-filter>
123
124            <meta-data
124-->[:image_picker_android] AndroidManifest.xml:28:13-30:36
125                android:name="photopicker_activity:0:required"
125-->[:image_picker_android] AndroidManifest.xml:29:17-63
126                android:value="" />
126-->[:image_picker_android] AndroidManifest.xml:30:17-33
127        </service>
128
129        <activity
129-->[:url_launcher_android] AndroidManifest.xml:8:9-11:74
130            android:name="io.flutter.plugins.urllauncher.WebViewActivity"
130-->[:url_launcher_android] AndroidManifest.xml:9:13-74
131            android:exported="false"
131-->[:url_launcher_android] AndroidManifest.xml:10:13-37
132            android:theme="@android:style/Theme.NoTitleBar.Fullscreen" />
132-->[:url_launcher_android] AndroidManifest.xml:11:13-71
133
134        <service
134-->[com.google.android.gms:play-services-mlkit-barcode-scanning:18.3.1] AndroidManifest.xml:9:9-15:19
135            android:name="com.google.mlkit.common.internal.MlKitComponentDiscoveryService"
135-->[com.google.android.gms:play-services-mlkit-barcode-scanning:18.3.1] AndroidManifest.xml:10:13-91
136            android:directBootAware="true"
136-->[com.google.mlkit:common:18.11.0] AndroidManifest.xml:17:13-43
137            android:exported="false" >
137-->[com.google.android.gms:play-services-mlkit-barcode-scanning:18.3.1] AndroidManifest.xml:11:13-37
138            <meta-data
138-->[com.google.android.gms:play-services-mlkit-barcode-scanning:18.3.1] AndroidManifest.xml:12:13-14:85
139                android:name="com.google.firebase.components:com.google.mlkit.vision.barcode.internal.BarcodeRegistrar"
139-->[com.google.android.gms:play-services-mlkit-barcode-scanning:18.3.1] AndroidManifest.xml:13:17-120
140                android:value="com.google.firebase.components.ComponentRegistrar" />
140-->[com.google.android.gms:play-services-mlkit-barcode-scanning:18.3.1] AndroidManifest.xml:14:17-82
141            <meta-data
141-->[com.google.mlkit:vision-common:17.3.0] AndroidManifest.xml:12:13-14:85
142                android:name="com.google.firebase.components:com.google.mlkit.vision.common.internal.VisionCommonRegistrar"
142-->[com.google.mlkit:vision-common:17.3.0] AndroidManifest.xml:13:17-124
143                android:value="com.google.firebase.components.ComponentRegistrar" />
143-->[com.google.mlkit:vision-common:17.3.0] AndroidManifest.xml:14:17-82
144            <meta-data
144-->[com.google.mlkit:common:18.11.0] AndroidManifest.xml:20:13-22:85
145                android:name="com.google.firebase.components:com.google.mlkit.common.internal.CommonComponentRegistrar"
145-->[com.google.mlkit:common:18.11.0] AndroidManifest.xml:21:17-120
146                android:value="com.google.firebase.components.ComponentRegistrar" />
146-->[com.google.mlkit:common:18.11.0] AndroidManifest.xml:22:17-82
147        </service>
148
149        <provider
149-->[com.google.mlkit:common:18.11.0] AndroidManifest.xml:9:9-13:38
150            android:name="com.google.mlkit.common.internal.MlKitInitProvider"
150-->[com.google.mlkit:common:18.11.0] AndroidManifest.xml:10:13-78
151            android:authorities="com.example.hackathon.mlkitinitprovider"
151-->[com.google.mlkit:common:18.11.0] AndroidManifest.xml:11:13-69
152            android:exported="false"
152-->[com.google.mlkit:common:18.11.0] AndroidManifest.xml:12:13-37
153            android:initOrder="99" />
153-->[com.google.mlkit:common:18.11.0] AndroidManifest.xml:13:13-35
154
155        <activity
155-->[com.google.android.gms:play-services-base:18.5.0] AndroidManifest.xml:5:9-173
156            android:name="com.google.android.gms.common.api.GoogleApiActivity"
156-->[com.google.android.gms:play-services-base:18.5.0] AndroidManifest.xml:5:19-85
157            android:exported="false"
157-->[com.google.android.gms:play-services-base:18.5.0] AndroidManifest.xml:5:146-170
158            android:theme="@android:style/Theme.Translucent.NoTitleBar" />
158-->[com.google.android.gms:play-services-base:18.5.0] AndroidManifest.xml:5:86-145
159
160        <meta-data
160-->[com.google.android.gms:play-services-basement:18.4.0] AndroidManifest.xml:6:9-122
161            android:name="com.google.android.gms.version"
161-->[com.google.android.gms:play-services-basement:18.4.0] AndroidManifest.xml:6:20-65
162            android:value="@integer/google_play_services_version" />
162-->[com.google.android.gms:play-services-basement:18.4.0] AndroidManifest.xml:6:66-119
163
164        <uses-library
164-->[androidx.window:window:1.2.0] AndroidManifest.xml:23:9-25:40
165            android:name="androidx.window.extensions"
165-->[androidx.window:window:1.2.0] AndroidManifest.xml:24:13-54
166            android:required="false" />
166-->[androidx.window:window:1.2.0] AndroidManifest.xml:25:13-37
167        <uses-library
167-->[androidx.window:window:1.2.0] AndroidManifest.xml:26:9-28:40
168            android:name="androidx.window.sidecar"
168-->[androidx.window:window:1.2.0] AndroidManifest.xml:27:13-51
169            android:required="false" />
169-->[androidx.window:window:1.2.0] AndroidManifest.xml:28:13-37
170
171        <provider
171-->[androidx.emoji2:emoji2:1.2.0] AndroidManifest.xml:24:9-32:20
172            android:name="androidx.startup.InitializationProvider"
172-->[androidx.emoji2:emoji2:1.2.0] AndroidManifest.xml:25:13-67
173            android:authorities="com.example.hackathon.androidx-startup"
173-->[androidx.emoji2:emoji2:1.2.0] AndroidManifest.xml:26:13-68
174            android:exported="false" >
174-->[androidx.emoji2:emoji2:1.2.0] AndroidManifest.xml:27:13-37
175            <meta-data
175-->[androidx.emoji2:emoji2:1.2.0] AndroidManifest.xml:29:13-31:52
176                android:name="androidx.emoji2.text.EmojiCompatInitializer"
176-->[androidx.emoji2:emoji2:1.2.0] AndroidManifest.xml:30:17-75
177                android:value="androidx.startup" />
177-->[androidx.emoji2:emoji2:1.2.0] AndroidManifest.xml:31:17-49
178            <meta-data
178-->[androidx.lifecycle:lifecycle-process:2.7.0] AndroidManifest.xml:29:13-31:52
179                android:name="androidx.lifecycle.ProcessLifecycleInitializer"
179-->[androidx.lifecycle:lifecycle-process:2.7.0] AndroidManifest.xml:30:17-78
180                android:value="androidx.startup" />
180-->[androidx.lifecycle:lifecycle-process:2.7.0] AndroidManifest.xml:31:17-49
181            <meta-data
181-->[androidx.profileinstaller:profileinstaller:1.3.1] AndroidManifest.xml:29:13-31:52
182                android:name="androidx.profileinstaller.ProfileInstallerInitializer"
182-->[androidx.profileinstaller:profileinstaller:1.3.1] AndroidManifest.xml:30:17-85
183                android:value="androidx.startup" />
183-->[androidx.profileinstaller:profileinstaller:1.3.1] AndroidManifest.xml:31:17-49
184        </provider>
185
186        <receiver
186-->[androidx.profileinstaller:profileinstaller:1.3.1] AndroidManifest.xml:34:9-52:20
187            android:name="androidx.profileinstaller.ProfileInstallReceiver"
187-->[androidx.profileinstaller:profileinstaller:1.3.1] AndroidManifest.xml:35:13-76
188            android:directBootAware="false"
188-->[androidx.profileinstaller:profileinstaller:1.3.1] AndroidManifest.xml:36:13-44
189            android:enabled="true"
189-->[androidx.profileinstaller:profileinstaller:1.3.1] AndroidManifest.xml:37:13-35
190            android:exported="true"
190-->[androidx.profileinstaller:profileinstaller:1.3.1] AndroidManifest.xml:38:13-36
191            android:permission="android.permission.DUMP" >
191-->[androidx.profileinstaller:profileinstaller:1.3.1] AndroidManifest.xml:39:13-57
192            <intent-filter>
192-->[androidx.profileinstaller:profileinstaller:1.3.1] AndroidManifest.xml:40:13-42:29
193                <action android:name="androidx.profileinstaller.action.INSTALL_PROFILE" />
193-->[androidx.profileinstaller:profileinstaller:1.3.1] AndroidManifest.xml:41:17-91
193-->[androidx.profileinstaller:profileinstaller:1.3.1] AndroidManifest.xml:41:25-88
194            </intent-filter>
195            <intent-filter>
195-->[androidx.profileinstaller:profileinstaller:1.3.1] AndroidManifest.xml:43:13-45:29
196                <action android:name="androidx.profileinstaller.action.SKIP_FILE" />
196-->[androidx.profileinstaller:profileinstaller:1.3.1] AndroidManifest.xml:44:17-85
196-->[androidx.profileinstaller:profileinstaller:1.3.1] AndroidManifest.xml:44:25-82
197            </intent-filter>
198            <intent-filter>
198-->[androidx.profileinstaller:profileinstaller:1.3.1] AndroidManifest.xml:46:13-48:29
199                <action android:name="androidx.profileinstaller.action.SAVE_PROFILE" />
199-->[androidx.profileinstaller:profileinstaller:1.3.1] AndroidManifest.xml:47:17-88
199-->[androidx.profileinstaller:profileinstaller:1.3.1] AndroidManifest.xml:47:25-85
200            </intent-filter>
201            <intent-filter>
201-->[androidx.profileinstaller:profileinstaller:1.3.1] AndroidManifest.xml:49:13-51:29
202                <action android:name="androidx.profileinstaller.action.BENCHMARK_OPERATION" />
202-->[androidx.profileinstaller:profileinstaller:1.3.1] AndroidManifest.xml:50:17-95
202-->[androidx.profileinstaller:profileinstaller:1.3.1] AndroidManifest.xml:50:25-92
203            </intent-filter>
204        </receiver>
205
206        <service
206-->[com.google.android.datatransport:transport-backend-cct:2.3.3] AndroidManifest.xml:29:9-35:19
207            android:name="com.google.android.datatransport.runtime.backends.TransportBackendDiscovery"
207-->[com.google.android.datatransport:transport-backend-cct:2.3.3] AndroidManifest.xml:30:13-103
208            android:exported="false" >
208-->[com.google.android.datatransport:transport-backend-cct:2.3.3] AndroidManifest.xml:31:13-37
209            <meta-data
209-->[com.google.android.datatransport:transport-backend-cct:2.3.3] AndroidManifest.xml:32:13-34:39
210                android:name="backend:com.google.android.datatransport.cct.CctBackendFactory"
210-->[com.google.android.datatransport:transport-backend-cct:2.3.3] AndroidManifest.xml:33:17-94
211                android:value="cct" />
211-->[com.google.android.datatransport:transport-backend-cct:2.3.3] AndroidManifest.xml:34:17-36
212        </service>
213        <service
213-->[com.google.android.datatransport:transport-runtime:2.2.6] AndroidManifest.xml:26:9-30:19
214            android:name="com.google.android.datatransport.runtime.scheduling.jobscheduling.JobInfoSchedulerService"
214-->[com.google.android.datatransport:transport-runtime:2.2.6] AndroidManifest.xml:27:13-117
215            android:exported="false"
215-->[com.google.android.datatransport:transport-runtime:2.2.6] AndroidManifest.xml:28:13-37
216            android:permission="android.permission.BIND_JOB_SERVICE" >
216-->[com.google.android.datatransport:transport-runtime:2.2.6] AndroidManifest.xml:29:13-69
217        </service>
218
219        <receiver
219-->[com.google.android.datatransport:transport-runtime:2.2.6] AndroidManifest.xml:32:9-34:40
220            android:name="com.google.android.datatransport.runtime.scheduling.jobscheduling.AlarmManagerSchedulerBroadcastReceiver"
220-->[com.google.android.datatransport:transport-runtime:2.2.6] AndroidManifest.xml:33:13-132
221            android:exported="false" />
221-->[com.google.android.datatransport:transport-runtime:2.2.6] AndroidManifest.xml:34:13-37
222    </application>
223
224</manifest>